Name                                                                 Stmts   Miss  Cover   Missing
--------------------------------------------------------------------------------------------------
/home/utkarsh_shelke/astrobot_mesh/__init__.py                           0      0   100%
/home/utkarsh_shelke/astrobot_mesh/_tests/__init__.py                    4      0   100%
/home/utkarsh_shelke/astrobot_mesh/_tests/channel_resolver.py           85     12    86%   26, 33-43, 186, 194-196, 204
/home/utkarsh_shelke/astrobot_mesh/_tests/conftest.py                   25      3    88%   23, 39, 44
/home/utkarsh_shelke/astrobot_mesh/_tests/question_router.py            47      1    98%   103
/home/utkarsh_shelke/astrobot_mesh/_tests/sql_builder.py                53      0   100%
/home/utkarsh_shelke/astrobot_mesh/_tests/test_channel_resolver.py     164      0   100%
/home/utkarsh_shelke/astrobot_mesh/_tests/test_question_router.py       94      0   100%
/home/utkarsh_shelke/astrobot_mesh/_tests/test_sql_builder.py          114      0   100%
--------------------------------------------------------------------------------------------------
TOTAL                                                                  586     16    97%
